#
# There is insufficient memory for the Java Runtime Environment to continue.
# Native memory allocation (malloc) failed to allocate 1064976 bytes for Chunk::new
# Possible reasons:
#   The system is out of physical RAM or swap space
#   The process is running with CompressedOops enabled, and the Java Heap may be blocking the growth of the native heap
# Possible solutions:
#   Reduce memory load on the system
#   Increase physical memory or swap space
#   Check if swap backing store is full
#   Decrease Java heap size (-Xmx/-Xms)
#   Decrease number of Java threads
#   Decrease Java thread stack sizes (-Xss)
#   Set larger code cache with -XX:ReservedCodeCacheSize=
#   JVM is running with Unscaled Compressed Oops mode in which the Java heap is
#     placed in the first 4GB address space. The Java Heap base address is the
#     maximum limit for the native heap growth. Please use -XX:HeapBaseMinAddress
#     to set the Java Heap base and to place the Java Heap above 4GB virtual address.
# This output file may be truncated or incomplete.
#
#  Out of Memory Error (allocation.cpp:389), pid=8036, tid=0x00000000000037dc
#
# JRE version: OpenJDK Runtime Environment (8.0_242-b01) (build 1.8.0_242-release-1644-b01)
# Java VM: OpenJDK 64-Bit Server VM (25.242-b01 mixed mode windows-amd64 compressed oops)
# Failed to write core dump. Minidumps are not enabled by default on client versions of Windows
#

---------------  T H R E A D  ---------------

Current thread (0x0000000015993000):  JavaThread "C2 CompilerThread0" daemon [_thread_in_native, id=14300, stack(0x00000000169c0000,0x0000000016ac0000)]

Stack: [0x00000000169c0000,0x0000000016ac0000]
[error occurred during error reporting (printing stack bounds), id 0xc0000005]

Native frames: (J=compiled Java code, j=interpreted, Vv=VM code, C=native code)


Current CompileTask:
C2:6966666 14357   !   4       org.gradle.internal.classloader.CachingClassLoader::loadClass (85 bytes)


---------------  P R O C E S S  ---------------

Java Threads: ( => current thread )
  0x000000001a2be000 JavaThread "WorkerExecutor Queue Thread 2" [_thread_blocked, id=3548, stack(0x0000000023cb0000,0x0000000023db0000)]
  0x000000001a2ba000 JavaThread "WorkerExecutor Queue" [_thread_in_native, id=13372, stack(0x00000000225b0000,0x00000000226b0000)]
  0x000000001a2bd000 JavaThread "Cache worker for Java compile cache (C:\Users\maoja\Downloads\NewShit\DessertClicker-Starter\.gradle\6.1.1\javaCompile)" [_thread_blocked, id=11696, stack(0x0000000022fb0000,0x00000000230b0000)]
  0x000000001a2b5800 JavaThread "Cache worker for Java compile cache (C:\Users\maoja\.gradle\caches\6.1.1\javaCompile)" [_thread_blocked, id=12980, stack(0x0000000022eb0000,0x0000000022fb0000)]
  0x000000001a2bc800 JavaThread "RMI TCP Connection(idle)" daemon [_thread_blocked, id=13228, stack(0x0000000022db0000,0x0000000022eb0000)]
  0x000000001a2bb000 JavaThread "Cache worker for execution history cache (C:\Users\maoja\Downloads\NewShit\DessertClicker-Starter\.gradle\6.1.1\executionHistory)" [_thread_blocked, id=9736, stack(0x00000000228b0000,0x00000000229b0000)]
  0x000000001a2b7000 JavaThread "Execution worker for ':'" [_thread_blocked, id=11400, stack(0x00000000219b0000,0x0000000021ab0000)]
  0x000000001a2b6800 JavaThread "Cache worker for file content cache (C:\Users\maoja\Downloads\NewShit\DessertClicker-Starter\.gradle\6.1.1\fileContent)" [_thread_blocked, id=10032, stack(0x00000000218b0000,0x00000000219b0000)]
  0x000000001a2b3800 JavaThread "Cache worker for Build Output Cleanup Cache (C:\Users\maoja\Downloads\NewShit\DessertClicker-Starter\.gradle\buildOutputCleanup)" [_thread_blocked, id=6100, stack(0x00000000201e0000,0x00000000202e0000)]
  0x000000001a2b9800 JavaThread "Build operations Thread 2" [_thread_blocked, id=10736, stack(0x000000001f8e0000,0x000000001f9e0000)]
  0x000000001bbe0000 JavaThread "Build operations" [_thread_blocked, id=7680, stack(0x000000001f7e0000,0x000000001f8e0000)]
  0x000000001bbdf800 JavaThread "Cache worker for cache directory md-rule (C:\Users\maoja\.gradle\caches\6.1.1\md-rule)" [_thread_blocked, id=10684, stack(0x000000001f0e0000,0x000000001f1e0000)]
  0x000000001bbde800 JavaThread "Cache worker for cache directory md-supplier (C:\Users\maoja\.gradle\caches\6.1.1\md-supplier)" [_thread_blocked, id=13756, stack(0x000000001cab0000,0x000000001cbb0000)]
  0x000000001bbe5800 JavaThread "Cache worker for file hash cache (C:\Users\maoja\Downloads\NewShit\DessertClicker-Starter\.gradle\6.1.1\fileHashes)" [_thread_blocked, id=14212, stack(0x000000001c8b0000,0x000000001c9b0000)]
  0x000000001bbe4800 JavaThread "Cache worker for checksums cache (C:\Users\maoja\Downloads\NewShit\DessertClicker-Starter\.gradle\checksums)" [_thread_blocked, id=1372, stack(0x000000001c3b0000,0x000000001c4b0000)]
  0x000000001bbe4000 JavaThread "Thread-63" [_thread_blocked, id=12488, stack(0x000000001c2b0000,0x000000001c3b0000)]
  0x000000001bbe3000 JavaThread "Stdin handler" [_thread_blocked, id=15080, stack(0x000000001aae0000,0x000000001abe0000)]
  0x000000001bbe2800 JavaThread "Asynchronous log dispatcher for DefaultDaemonConnection: socket connection from /127.0.0.1:61989 to /127.0.0.1:57157" [_thread_blocked, id=11636, stack(0x000000001a7e0000,0x000000001a8e0000)]
  0x000000001bbe1800 JavaThread "Daemon worker Thread 3" [_thread_blocked, id=1228, stack(0x000000001a6e0000,0x000000001a7e0000)]
  0x000000001bbd7000 JavaThread "Cancel handler" [_thread_blocked, id=11756, stack(0x0000000019410000,0x0000000019510000)]
  0x000000001bbd6000 JavaThread "Handler for socket connection from /127.0.0.1:61989 to /127.0.0.1:57157" [_thread_in_native, id=14352, stack(0x0000000019210000,0x0000000019310000)]
  0x000000001bbda000 JavaThread "Daemon Thread 3" [_thread_blocked, id=10352, stack(0x0000000000740000,0x0000000000840000)]
  0x000000001bbd9800 JavaThread "RMI TCP Connection(idle)" daemon [_thread_blocked, id=11208, stack(0x00000000005f0000,0x00000000006f0000)]
  0x000000001a2b8800 JavaThread "RMI Reaper" [_thread_blocked, id=12528, stack(0x00000000227b0000,0x00000000228b0000)]
  0x000000001a2b5000 JavaThread "RMI TCP Accept-0" daemon [_thread_in_native, id=13280, stack(0x00000000226b0000,0x00000000227b0000)]
  0x000000001a2b8000 JavaThread "GC Daemon" daemon [_thread_blocked, id=14400, stack(0x00000000224b0000,0x00000000225b0000)]
  0x000000001a2b4000 JavaThread "RMI RenewClean-[127.0.0.1:17619,org.jetbrains.kotlin.daemon.common.LoopbackNetworkInterface$ClientLoopbackSocketFactory@4e3b934b]" daemon [_thread_blocked, id=8776, stack(0x00000000223b0000,0x00000000224b0000)]
  0x00000000177d6000 JavaThread "RMI Scheduler(0)" daemon [_thread_blocked, id=11948, stack(0x00000000222b0000,0x00000000223b0000)]
  0x000000001bbdc800 JavaThread "Cache worker for file content cache (C:\Users\maoja\.gradle\caches\6.1.1\fileContent)" [_thread_blocked, id=12360, stack(0x00000000200e0000,0x00000000201e0000)]
  0x000000001bbd8800 JavaThread "Memory manager" [_thread_blocked, id=10304, stack(0x000000001ffe0000,0x00000000200e0000)]
  0x00000000177d7000 JavaThread "Cache worker for execution history cache (C:\Users\maoja\.gradle\caches\6.1.1\executionHistory)" [_thread_blocked, id=10632, stack(0x000000001cbb0000,0x000000001ccb0000)]
  0x00000000177d4000 JavaThread "Cache worker for file hash cache (C:\Users\maoja\.gradle\caches\6.1.1\fileHashes)" [_thread_blocked, id=6804, stack(0x000000001afe0000,0x000000001b0e0000)]
  0x00000000177d4800 JavaThread "File lock request listener" [_thread_in_native, id=13444, stack(0x000000001aee0000,0x000000001afe0000)]
  0x0000000015a24000 JavaThread "Cache worker for journal cache (C:\Users\maoja\.gradle\caches\journal-1)" [_thread_blocked, id=13968, stack(0x000000001ade0000,0x000000001aee0000)]
  0x000000001893b000 JavaThread "Daemon periodic checks" [_thread_blocked, id=14120, stack(0x0000000019310000,0x0000000019410000)]
  0x00000000188d5800 JavaThread "Incoming local TCP Connector on port 61989" [_thread_in_native, id=304, stack(0x0000000018fd0000,0x00000000190d0000)]
  0x0000000016dc9000 JavaThread "Daemon health stats" [_thread_blocked, id=4028, stack(0x0000000018990000,0x0000000018a90000)]
  0x00000000159ec800 JavaThread "Service Thread" daemon [_thread_blocked, id=14260, stack(0x0000000016bc0000,0x0000000016cc0000)]
  0x0000000015995000 JavaThread "C1 CompilerThread1" daemon [_thread_blocked, id=12404, stack(0x0000000016ac0000,0x0000000016bc0000)]
=>0x0000000015993000 JavaThread "C2 CompilerThread0" daemon [_thread_in_native, id=14300, stack(0x00000000169c0000,0x0000000016ac0000)]
  0x0000000015990000 JavaThread "Attach Listener" daemon [_thread_blocked, id=12328, stack(0x00000000168c0000,0x00000000169c0000)]
  0x000000001598d000 JavaThread "Signal Dispatcher" daemon [_thread_blocked, id=10084, stack(0x00000000167c0000,0x00000000168c0000)]
  0x0000000002258000 JavaThread "Finalizer" daemon [_thread_blocked, id=6888, stack(0x00000000165c0000,0x00000000166c0000)]
  0x0000000015977000 JavaThread "Reference Handler" daemon [_thread_blocked, id=14984, stack(0x00000000164c0000,0x00000000165c0000)]
  0x0000000002162800 JavaThread "main" [_thread_blocked, id=11868, stack(0x0000000002020000,0x0000000002120000)]

Other Threads:
  0x0000000015956000 VMThread [stack: 0x00000000163c0000,0x00000000164c0000] [id=12968]
  0x00000000159f1000 WatcherThread [stack: 0x0000000016cc0000,0x0000000016dc0000] [id=13884]

VM state:not at safepoint (normal execution)

VM Mutex/Monitor currently owned by a thread: None

heap address: 0x00000000a0000000, size: 1536 MB, Compressed Oops mode: 32-bit
Narrow klass base: 0x0000000000000000, Narrow klass shift: 3
Compressed class space size: 1073741824 Address: 0x0000000100000000

Heap:
 PSYoungGen      total 449024K, used 185459K [0x00000000e0000000, 0x0000000100000000, 0x0000000100000000)
  eden space 417792K, 42% used [0x00000000e0000000,0x00000000eadb80e8,0x00000000f9800000)
  from space 31232K, 24% used [0x00000000fe180000,0x00000000fe8e4f00,0x0000000100000000)
  to   space 53248K, 0% used [0x00000000f9800000,0x00000000f9800000,0x00000000fcc00000)
 ParOldGen       total 199680K, used 98311K [0x00000000a0000000, 0x00000000ac300000, 0x00000000e0000000)
  object space 199680K, 49% used [0x00000000a0000000,0x00000000a6001ef8,0x00000000ac300000)
 Metaspace       used 97460K, capacity 100936K, committed 101912K, reserved 1138688K
  class space    used 12768K, capacity 13409K, committed 13608K, reserved 1048576K

Card table byte_map: [0x0000000011620000,0x0000000011930000] byte_map_base: 0x0000000011120000

Marking Bits: (ParMarkBitMap*) 0x000000006235f030
 Begin Bits: [0x0000000011d30000, 0x0000000013530000)
 End Bits:   [0x0000000013530000, 0x0000000014d30000)

Polling page: 0x00000000006f0000

CodeCache: size=245760Kb used=38784Kb max_used=38913Kb free=206975Kb
 bounds [0x0000000002260000, 0x00000000048a0000, 0x0000000011260000]
 total_blobs=12843 nmethods=11943 adapters=813
 compilation: enabled

Compilation events (10 events):
Event: 6966.182 Thread 0x0000000015995000 nmethod 14353 0x00000000045415d0 code [0x0000000004541740, 0x0000000004541a70]
Event: 6966.182 Thread 0x0000000015995000 14354       3       java.lang.invoke.LambdaForm$MH/1243736182::linkToTargetMethod (8 bytes)
Event: 6966.182 Thread 0x0000000015995000 nmethod 14354 0x0000000004540fd0 code [0x0000000004541140, 0x00000000045414f8]
Event: 6966.182 Thread 0x0000000015995000 14355       3       com.android.tools.r8.graph.t0::f (48 bytes)
Event: 6966.183 Thread 0x0000000015995000 nmethod 14355 0x000000000453ff90 code [0x0000000004540180, 0x00000000045409e8]
Event: 6966.310 Thread 0x0000000015993000 14356   !   4       com.google.common.collect.MapMakerInternalMap$Segment::get (58 bytes)
Event: 6966.319 Thread 0x0000000015993000 nmethod 14356 0x000000000453bd50 code [0x000000000453bf00, 0x000000000453c4d8]
Event: 6966.319 Thread 0x0000000015993000 14357   !   4       org.gradle.internal.classloader.CachingClassLoader::loadClass (85 bytes)
Event: 6966.446 Thread 0x0000000015995000 14358       3       java.lang.Integer::compare (20 bytes)
Event: 6966.447 Thread 0x0000000015995000 nmethod 14358 0x000000000453b990 code [0x000000000453bb00, 0x000000000453bcf0]

GC Heap History (10 events):
Event: 3734.629 GC heap before
{Heap before GC invocations=13 (full 3):
 PSYoungGen      total 445952K, used 421376K [0x00000000e0000000, 0x0000000100000000, 0x0000000100000000)
  eden space 421376K, 100% used [0x00000000e0000000,0x00000000f9b80000,0x00000000f9b80000)
  from space 24576K, 0% used [0x00000000f9b80000,0x00000000f9b80000,0x00000000fb380000)
  to   space 25600K, 0% used [0x00000000fe700000,0x00000000fe700000,0x0000000100000000)
 ParOldGen       total 98816K, used 29891K [0x00000000a0000000, 0x00000000a6080000, 0x00000000e0000000)
  object space 98816K, 30% used [0x00000000a0000000,0x00000000a1d30c20,0x00000000a6080000)
 Metaspace       used 75002K, capacity 77900K, committed 78232K, reserved 1116160K
  class space    used 9983K, capacity 10557K, committed 10664K, reserved 1048576K
Event: 3734.728 GC heap after
Heap after GC invocations=13 (full 3):
 PSYoungGen      total 485376K, used 25580K [0x00000000e0000000, 0x0000000100000000, 0x0000000100000000)
  eden space 459776K, 0% used [0x00000000e0000000,0x00000000e0000000,0x00000000fc100000)
  from space 25600K, 99% used [0x00000000fe700000,0x00000000ffffb210,0x0000000100000000)
  to   space 32256K, 0% used [0x00000000fc100000,0x00000000fc100000,0x00000000fe080000)
 ParOldGen       total 98816K, used 38363K [0x00000000a0000000, 0x00000000a6080000, 0x00000000e0000000)
  object space 98816K, 38% used [0x00000000a0000000,0x00000000a2576d88,0x00000000a6080000)
 Metaspace       used 75002K, capacity 77900K, committed 78232K, reserved 1116160K
  class space    used 9983K, capacity 10557K, committed 10664K, reserved 1048576K
}
Event: 5064.766 GC heap before
{Heap before GC invocations=14 (full 3):
 PSYoungGen      total 485376K, used 172157K [0x00000000e0000000, 0x0000000100000000, 0x0000000100000000)
  eden space 459776K, 31% used [0x00000000e0000000,0x00000000e8f245d8,0x00000000fc100000)
  from space 25600K, 99% used [0x00000000fe700000,0x00000000ffffb210,0x0000000100000000)
  to   space 32256K, 0% used [0x00000000fc100000,0x00000000fc100000,0x00000000fe080000)
 ParOldGen       total 98816K, used 38363K [0x00000000a0000000, 0x00000000a6080000, 0x00000000e0000000)
  object space 98816K, 38% used [0x00000000a0000000,0x00000000a2576d88,0x00000000a6080000)
 Metaspace       used 77322K, capacity 80440K, committed 80536K, reserved 1118208K
  class space    used 10250K, capacity 10888K, committed 10920K, reserved 1048576K
Event: 5064.921 GC heap after
Heap after GC invocations=14 (full 3):
 PSYoungGen      total 492032K, used 9118K [0x00000000e0000000, 0x0000000100000000, 0x0000000100000000)
  eden space 459776K, 0% used [0x00000000e0000000,0x00000000e0000000,0x00000000fc100000)
  from space 32256K, 28% used [0x00000000fc100000,0x00000000fc9e7990,0x00000000fe080000)
  to   space 31232K, 0% used [0x00000000fe180000,0x00000000fe180000,0x0000000100000000)
 ParOldGen       total 98816K, used 58492K [0x00000000a0000000, 0x00000000a6080000, 0x00000000e0000000)
  object space 98816K, 59% used [0x00000000a0000000,0x00000000a391f0b0,0x00000000a6080000)
 Metaspace       used 77322K, capacity 80440K, committed 80536K, reserved 1118208K
  class space    used 10250K, capacity 10888K, committed 10920K, reserved 1048576K
}
Event: 5064.921 GC heap before
{Heap before GC invocations=15 (full 4):
 PSYoungGen      total 492032K, used 9118K [0x00000000e0000000, 0x0000000100000000, 0x0000000100000000)
  eden space 459776K, 0% used [0x00000000e0000000,0x00000000e0000000,0x00000000fc100000)
  from space 32256K, 28% used [0x00000000fc100000,0x00000000fc9e7990,0x00000000fe080000)
  to   space 31232K, 0% used [0x00000000fe180000,0x00000000fe180000,0x0000000100000000)
 ParOldGen       total 98816K, used 58492K [0x00000000a0000000, 0x00000000a6080000, 0x00000000e0000000)
  object space 98816K, 59% used [0x00000000a0000000,0x00000000a391f0b0,0x00000000a6080000)
 Metaspace       used 77322K, capacity 80440K, committed 80536K, reserved 1118208K
  class space    used 10250K, capacity 10888K, committed 10920K, reserved 1048576K
Event: 5065.541 GC heap after
Heap after GC invocations=15 (full 4):
 PSYoungGen      total 492032K, used 0K [0x00000000e0000000, 0x0000000100000000, 0x0000000100000000)
  eden space 459776K, 0% used [0x00000000e0000000,0x00000000e0000000,0x00000000fc100000)
  from space 32256K, 0% used [0x00000000fc100000,0x00000000fc100000,0x00000000fe080000)
  to   space 31232K, 0% used [0x00000000fe180000,0x00000000fe180000,0x0000000100000000)
 ParOldGen       total 98816K, used 44074K [0x00000000a0000000, 0x00000000a6080000, 0x00000000e0000000)
  object space 98816K, 44% used [0x00000000a0000000,0x00000000a2b0aab0,0x00000000a6080000)
 Metaspace       used 77026K, capacity 79946K, committed 80536K, reserved 1118208K
  class space    used 10199K, capacity 10791K, committed 10920K, reserved 1048576K
}
Event: 6951.092 GC heap before
{Heap before GC invocations=16 (full 4):
 PSYoungGen      total 492032K, used 459776K [0x00000000e0000000, 0x0000000100000000, 0x0000000100000000)
  eden space 459776K, 100% used [0x00000000e0000000,0x00000000fc100000,0x00000000fc100000)
  from space 32256K, 0% used [0x00000000fc100000,0x00000000fc100000,0x00000000fe080000)
  to   space 31232K, 0% used [0x00000000fe180000,0x00000000fe180000,0x0000000100000000)
 ParOldGen       total 98816K, used 44074K [0x00000000a0000000, 0x00000000a6080000, 0x00000000e0000000)
  object space 98816K, 44% used [0x00000000a0000000,0x00000000a2b0aab0,0x00000000a6080000)
 Metaspace       used 92666K, capacity 96330K, committed 96536K, reserved 1132544K
  class space    used 12072K, capacity 12784K, committed 12840K, reserved 1048576K
Event: 6951.397 GC heap after
Heap after GC invocations=16 (full 4):
 PSYoungGen      total 449024K, used 31200K [0x00000000e0000000, 0x0000000100000000, 0x0000000100000000)
  eden space 417792K, 0% used [0x00000000e0000000,0x00000000e0000000,0x00000000f9800000)
  from space 31232K, 99% used [0x00000000fe180000,0x00000000ffff8200,0x0000000100000000)
  to   space 53248K, 0% used [0x00000000f9800000,0x00000000f9800000,0x00000000fcc00000)
 ParOldGen       total 98816K, used 89475K [0x00000000a0000000, 0x00000000a6080000, 0x00000000e0000000)
  object space 98816K, 90% used [0x00000000a0000000,0x00000000a5760dc8,0x00000000a6080000)
 Metaspace       used 92666K, capacity 96330K, committed 96536K, reserved 1132544K
  class space    used 12072K, capacity 12784K, committed 12840K, reserved 1048576K
}
Event: 6951.398 GC heap before
{Heap before GC invocations=17 (full 5):
 PSYoungGen      total 449024K, used 31200K [0x00000000e0000000, 0x0000000100000000, 0x0000000100000000)
  eden space 417792K, 0% used [0x00000000e0000000,0x00000000e0000000,0x00000000f9800000)
  from space 31232K, 99% used [0x00000000fe180000,0x00000000ffff8200,0x0000000100000000)
  to   space 53248K, 0% used [0x00000000f9800000,0x00000000f9800000,0x00000000fcc00000)
 ParOldGen       total 98816K, used 89475K [0x00000000a0000000, 0x00000000a6080000, 0x00000000e0000000)
  object space 98816K, 90% used [0x00000000a0000000,0x00000000a5760dc8,0x00000000a6080000)
 Metaspace       used 92666K, capacity 96330K, committed 96536K, reserved 1132544K
  class space    used 12072K, capacity 12784K, committed 12840K, reserved 1048576K
Event: 6953.007 GC heap after
Heap after GC invocations=17 (full 5):
 PSYoungGen      total 449024K, used 7571K [0x00000000e0000000, 0x0000000100000000, 0x0000000100000000)
  eden space 417792K, 0% used [0x00000000e0000000,0x00000000e0000000,0x00000000f9800000)
  from space 31232K, 24% used [0x00000000fe180000,0x00000000fe8e4f00,0x0000000100000000)
  to   space 53248K, 0% used [0x00000000f9800000,0x00000000f9800000,0x00000000fcc00000)
 ParOldGen       total 199680K, used 98311K [0x00000000a0000000, 0x00000000ac300000, 0x00000000e0000000)
  object space 199680K, 49% used [0x00000000a0000000,0x00000000a6001ef8,0x00000000ac300000)
 Metaspace       used 91937K, capacity 95092K, committed 96536K, reserved 1132544K
  class space    used 11955K, capacity 12567K, committed 12840K, reserved 1048576K
}

Deoptimization events (10 events):
Event: 6963.664 Thread 0x000000001a2b7000 Uncommon trap: reason=array_check action=maybe_recompile pc=0x00000000046d8e04 method=java.util.TimSort.binarySort([Ljava/lang/Object;IIILjava/util/Comparator;)V @ 193
Event: 6963.729 Thread 0x000000001a2ba000 Uncommon trap: reason=unstable_if action=reinterpret pc=0x00000000041832fc method=org.gradle.internal.operations.DefaultBuildOperationExecutor.determineParent(Lorg/gradle/internal/operations/BuildOperationDescriptor$Builder;Lorg/gradle/internal/operations
Event: 6963.888 Thread 0x000000001a2ba000 Uncommon trap: reason=unstable_if action=reinterpret pc=0x0000000002fcb314 method=java.util.regex.Pattern.newSlice([IIZ)Ljava/util/regex/Pattern$Node; @ 10
Event: 6963.930 Thread 0x000000001a2ba000 Uncommon trap: reason=unstable_if action=reinterpret pc=0x000000000439eec4 method=java.nio.file.FileTreeWalker.visit(Ljava/nio/file/Path;ZZ)Ljava/nio/file/FileTreeWalker$Event; @ 84
Event: 6964.344 Thread 0x000000001a2ba000 Uncommon trap: reason=unstable_if action=reinterpret pc=0x0000000003fa0780 method=java.nio.file.FileTreeWalker.getAttributes(Ljava/nio/file/Path;Z)Ljava/nio/file/attribute/BasicFileAttributes; @ 35
Event: 6964.345 Thread 0x000000001a2ba000 Uncommon trap: reason=unstable_if action=reinterpret pc=0x00000000041de170 method=java.nio.file.FileTreeWalker.visit(Ljava/nio/file/Path;ZZ)Ljava/nio/file/FileTreeWalker$Event; @ 84
Event: 6964.345 Thread 0x000000001a2ba000 Uncommon trap: reason=bimorphic action=maybe_recompile pc=0x0000000004293494 method=java.util.stream.ReferencePipeline$2$1.accept(Ljava/lang/Object;)V @ 21
Event: 6964.348 Thread 0x000000001a2ba000 Uncommon trap: reason=bimorphic action=maybe_recompile pc=0x0000000004293494 method=java.util.stream.ReferencePipeline$2$1.accept(Ljava/lang/Object;)V @ 21
Event: 6964.349 Thread 0x000000001a2ba000 Uncommon trap: reason=bimorphic action=maybe_recompile pc=0x0000000004293494 method=java.util.stream.ReferencePipeline$2$1.accept(Ljava/lang/Object;)V @ 21
Event: 6965.529 Thread 0x000000001a2ba000 Uncommon trap: reason=unstable_if action=reinterpret pc=0x0000000003765fdc method=java.nio.Bits.putInt(Ljava/nio/ByteBuffer;IIZ)V @ 1

Classes redefined (0 events):
No events

Internal exceptions (10 events):
Event: 6960.852 Thread 0x000000001bbe4000 Exception <a 'java/lang/NoSuchMethodError': <clinit>> (0x00000000e8ca58a0) thrown at [C:\src\AOSP-openjdk-git\hotspot\src\share\vm\prims\jni.cpp, line 1615]
Event: 6960.852 Thread 0x000000001bbe4000 Exception <a 'java/lang/NoSuchMethodError': <clinit>> (0x00000000e8ca7298) thrown at [C:\src\AOSP-openjdk-git\hotspot\src\share\vm\prims\jni.cpp, line 1615]
Event: 6960.852 Thread 0x000000001bbe4000 Exception <a 'java/lang/NoSuchMethodError': <clinit>> (0x00000000e8ca9140) thrown at [C:\src\AOSP-openjdk-git\hotspot\src\share\vm\prims\jni.cpp, line 1615]
Event: 6960.855 Thread 0x000000001bbe4000 Exception <a 'java/lang/NoSuchMethodError': <clinit>> (0x00000000e8cc34f8) thrown at [C:\src\AOSP-openjdk-git\hotspot\src\share\vm\prims\jni.cpp, line 1615]
Event: 6960.859 Thread 0x000000001bbe4000 Exception <a 'java/lang/NoSuchMethodError': <clinit>> (0x00000000e8cd4828) thrown at [C:\src\AOSP-openjdk-git\hotspot\src\share\vm\prims\jni.cpp, line 1615]
Event: 6960.886 Thread 0x000000001bbe4000 Exception <a 'java/lang/NoSuchMethodError': <clinit>> (0x00000000e8ce6210) thrown at [C:\src\AOSP-openjdk-git\hotspot\src\share\vm\prims\jni.cpp, line 1615]
Event: 6961.054 Thread 0x000000001bbe4000 Exception <a 'java/lang/NoSuchMethodError': <clinit>> (0x00000000e8cff230) thrown at [C:\src\AOSP-openjdk-git\hotspot\src\share\vm\prims\jni.cpp, line 1615]
Event: 6963.664 Thread 0x000000001a2b7000 Exception <a 'java/lang/NoSuchMethodError': <clinit>> (0x00000000e9a39328) thrown at [C:\src\AOSP-openjdk-git\hotspot\src\share\vm\prims\jni.cpp, line 1615]
Event: 6964.343 Thread 0x000000001a2ba000 Exception <a 'java/lang/NoSuchMethodError': java.lang.Object.lambda$static$0(Ljava/lang/String;)Z> (0x00000000e9f3c008) thrown at [C:\src\AOSP-openjdk-git\hotspot\src\share\vm\interpreter\linkResolver.cpp, line 620]
Event: 6964.429 Thread 0x000000001a2ba000 Exception <a 'sun/nio/fs/WindowsException'> (0x00000000e9fc0d98) thrown at [C:\src\AOSP-openjdk-git\hotspot\src\share\vm\prims\jni.cpp, line 710]

Events (10 events):
Event: 6966.546 loading class com/android/tools/r8/v/a/a/a/f/h
Event: 6966.546 loading class com/android/tools/r8/v/a/a/a/f/h done
Event: 6966.547 loading class com/android/tools/r8/u/a/m/b
Event: 6966.547 loading class com/android/tools/r8/u/a/m/b done
Event: 6966.548 loading class com/android/tools/r8/u/b/T
Event: 6966.548 loading class com/android/tools/r8/u/b/T done
Event: 6966.548 loading class com/android/tools/r8/code/K0
Event: 6966.548 loading class com/android/tools/r8/code/K0 done
Event: 6966.567 loading class com/android/tools/r8/code/G
Event: 6966.567 loading class com/android/tools/r8/code/G done


Dynamic libraries:
0x00007ff75efc0000 - 0x00007ff75eff1000 	C:\Program Files\Android\Android Studio\jre\bin\java.exe
0x00007ff9490d0000 - 0x00007ff9492c5000 	C:\WINDOWS\SYSTEM32\ntdll.dll
0x00007ff948630000 - 0x00007ff9486ed000 	C:\WINDOWS\System32\KERNEL32.DLL
0x00007ff946860000 - 0x00007ff946b28000 	C:\WINDOWS\System32\KERNELBASE.dll
0x00007ff948c20000 - 0x00007ff948ccc000 	C:\WINDOWS\System32\ADVAPI32.dll
0x00007ff947e90000 - 0x00007ff947f2e000 	C:\WINDOWS\System32\msvcrt.dll
0x00007ff9471a0000 - 0x00007ff94723b000 	C:\WINDOWS\System32\sechost.dll
0x00007ff947ca0000 - 0x00007ff947dcb000 	C:\WINDOWS\System32\RPCRT4.dll
0x00007ff948490000 - 0x00007ff948630000 	C:\WINDOWS\System32\USER32.dll
0x00007ff9470d0000 - 0x00007ff9470f2000 	C:\WINDOWS\System32\win32u.dll
0x00007ff948e00000 - 0x00007ff948e2a000 	C:\WINDOWS\System32\GDI32.dll
0x00007ff946b30000 - 0x00007ff946c3b000 	C:\WINDOWS\System32\gdi32full.dll
0x00007ff946c40000 - 0x00007ff946cdd000 	C:\WINDOWS\System32\msvcp_win.dll
0x00007ff946dc0000 - 0x00007ff946ec0000 	C:\WINDOWS\System32\ucrtbase.dll
0x00007ff93fee0000 - 0x00007ff94017a000 	C:\WINDOWS\WinSxS\amd64_microsoft.windows.common-controls_6595b64144ccf1df_6.0.19041.844_none_ca00b6081b84eb1d\COMCTL32.dll
0x00007ff947dd0000 - 0x00007ff947e00000 	C:\WINDOWS\System32\IMM32.DLL
0x00000000619d0000 - 0x0000000061aa2000 	C:\Program Files\Android\Android Studio\jre\jre\bin\msvcr100.dll
0x0000000061b90000 - 0x00000000623db000 	C:\Program Files\Android\Android Studio\jre\jre\bin\server\jvm.dll
0x00007ff947260000 - 0x00007ff947268000 	C:\WINDOWS\System32\PSAPI.DLL
0x00007ff92c500000 - 0x00007ff92c527000 	C:\WINDOWS\SYSTEM32\WINMM.dll
0x00007ff940980000 - 0x00007ff94098a000 	C:\WINDOWS\SYSTEM32\VERSION.dll
0x00007ff9409c0000 - 0x00007ff9409c9000 	C:\WINDOWS\SYSTEM32\WSOCK32.dll
0x00007ff948420000 - 0x00007ff94848b000 	C:\WINDOWS\System32\WS2_32.dll
0x00007ff93f300000 - 0x00007ff93f30f000 	C:\Program Files\Android\Android Studio\jre\jre\bin\verify.dll
0x00007ff92f5c0000 - 0x00007ff92f5e9000 	C:\Program Files\Android\Android Studio\jre\jre\bin\java.dll
0x00007ff93b800000 - 0x00007ff93b816000 	C:\Program Files\Android\Android Studio\jre\jre\bin\zip.dll
0x00007ff9472d0000 - 0x00007ff947a12000 	C:\WINDOWS\System32\SHELL32.dll
0x00007ff944960000 - 0x00007ff9450f0000 	C:\WINDOWS\SYSTEM32\windows.storage.dll
0x00007ff948800000 - 0x00007ff948b55000 	C:\WINDOWS\System32\combase.dll
0x00007ff946210000 - 0x00007ff94623c000 	C:\WINDOWS\SYSTEM32\Wldp.dll
0x00007ff948b60000 - 0x00007ff948c0e000 	C:\WINDOWS\System32\SHCORE.dll
0x00007ff948e30000 - 0x00007ff948e85000 	C:\WINDOWS\System32\shlwapi.dll
0x00007ff946750000 - 0x00007ff94676f000 	C:\WINDOWS\SYSTEM32\profapi.dll
0x00007ff92f580000 - 0x00007ff92f59a000 	C:\Program Files\Android\Android Studio\jre\jre\bin\net.dll
0x00007ff945f20000 - 0x00007ff945f8a000 	C:\WINDOWS\system32\mswsock.dll
0x00007ff92f560000 - 0x00007ff92f573000 	C:\Program Files\Android\Android Studio\jre\jre\bin\nio.dll
0x00007ff90d520000 - 0x00007ff90d546000 	C:\Users\maoja\.gradle\native\31\windows-amd64\native-platform.dll
0x00007ff93f2f0000 - 0x00007ff93f2fd000 	C:\Program Files\Android\Android Studio\jre\jre\bin\management.dll
0x00007ff9460f0000 - 0x00007ff946108000 	C:\WINDOWS\SYSTEM32\CRYPTSP.dll
0x00007ff9458c0000 - 0x00007ff9458f4000 	C:\WINDOWS\system32\rsaenh.dll
0x00007ff947100000 - 0x00007ff947127000 	C:\WINDOWS\System32\bcrypt.dll
0x00007ff9466d0000 - 0x00007ff9466fe000 	C:\WINDOWS\SYSTEM32\USERENV.dll
0x00007ff946ce0000 - 0x00007ff946d60000 	C:\WINDOWS\System32\bcryptprimitives.dll
0x00007ff946110000 - 0x00007ff94611c000 	C:\WINDOWS\SYSTEM32\CRYPTBASE.dll
0x00007ff945c10000 - 0x00007ff945c4b000 	C:\WINDOWS\SYSTEM32\IPHLPAPI.DLL
0x00007ff948c10000 - 0x00007ff948c18000 	C:\WINDOWS\System32\NSI.dll
0x00007ff93e060000 - 0x00007ff93e077000 	C:\WINDOWS\SYSTEM32\dhcpcsvc6.DLL
0x00007ff93df70000 - 0x00007ff93df8d000 	C:\WINDOWS\SYSTEM32\dhcpcsvc.DLL
0x00007ff945c50000 - 0x00007ff945d1c000 	C:\WINDOWS\SYSTEM32\DNSAPI.dll
0x00007ff940a40000 - 0x00007ff940a5e000 	C:\Users\maoja\AppData\Local\Temp\native-platform8509292176733569907dir\native-platform.dll

VM Arguments:
jvm_args: -Xmx1536m -Dfile.encoding=windows-1252 -Duser.country=GB -Duser.language=en -Duser.variant 
java_command: org.gradle.launcher.daemon.bootstrap.GradleDaemon 6.1.1
java_class_path (initial): C:\Users\maoja\.gradle\wrapper\dists\gradle-6.1.1-all\cfmwm155h49vnt3hynmlrsdst\gradle-6.1.1\lib\gradle-launcher-6.1.1.jar
Launcher Type: SUN_STANDARD

Environment Variables:
PATH=C:\Program Files\Microsoft MPI\Bin\;C:\Program Files (x86)\Common Files\Oracle\Java\javapath;C:\WINDOWS\system32;C:\WINDOWS;C:\WINDOWS\System32\Wbem;C:\WINDOWS\System32\WindowsPowerShell\v1.0\;C:\WINDOWS\System32\OpenSSH\;C:\Program Files\Git\cmd;C:\Program Files (x86)\Microsoft VS Code\bin;C:\Program Files\dotnet\;C:\ProgramData\chocolatey\bin;C:\Program Files\Microsoft SQL Server\Client SDK\ODBC\130\Tools\Binn\;C:\Program Files\Microsoft SQL Server\130\Tools\Binn\;C:\Program Files\Microsoft SQL Server\Client SDK\ODBC\170\Tools\Binn\;C:\Program Files (x86)\Microsoft SQL Server\150\Tools\Binn\;C:\Program Files\Microsoft SQL Server\150\Tools\Binn\;C:\Program Files\Microsoft SQL Server\150\DTS\Binn\;"C:\Users\maoja\AppData\Local\Programs\Python\Python38\Scripts\;C:\Program Files\Java\jdk-13.0.2\bin";C:\Users\maoja\AppData\Local\Programs\Python\Python38\;C:\Users\maoja\AppData\Local\Microsoft\WindowsApps;C:\Program Files (x86)\Microsoft VS Code\bin;C:\Program Files\JetBrains\PyCharm Community Edition 2019.3.3\bin;;C:\Users\maoja\.dotnet\tools;;C:\Program Files\Azure Data Studio\bin
USERNAME=maoja
OS=Windows_NT
PROCESSOR_IDENTIFIER=Intel64 Family 6 Model 122 Stepping 1, GenuineIntel



---------------  S Y S T E M  ---------------

OS: Windows 10.0 , 64 bit Build 19041 (10.0.19041.928)

CPU:total 2 (initial active 2) (2 cores per cpu, 1 threads per core) family 6 model 122 stepping 1, cmov, cx8, fxsr, mmx, sse, sse2, sse3, ssse3, sse4.1, sse4.2, popcnt, aes, clmul, erms, 3dnowpref, tsc, tscinvbit

Memory: 4k page, physical 8199500k(206756k free), swap 33365324k(3264k free)

vm_info: OpenJDK 64-Bit Server VM (25.242-b01) for windows-amd64 JRE (1.8.0_242-release-1644-b01), built by "builder" with MS VC++ 10.0 (VS2010)

time: Thu Jun 03 03:35:16 2021
timezone: W. Central Africa Standard Time
elapsed time: 6966 seconds (0d 1h 56m 6s)

